SF:lib/utils/helpers/logger.dart
DA:3,0
DA:4,0
DA:15,0
DA:16,0
DA:17,0
DA:18,0
DA:19,0
DA:20,0
LF:8
LH:0
end_of_record
SF:lib/core/services/http/dio_client.dart
DA:24,0
DA:25,0
DA:28,0
DA:30,0
DA:33,0
DA:41,0
DA:48,0
DA:49,0
DA:50,0
DA:51,0
DA:52,0
DA:58,0
DA:60,0
DA:61,0
DA:64,0
DA:65,0
DA:67,0
DA:68,0
DA:72,0
DA:76,0
DA:78,0
DA:82,0
DA:84,0
DA:85,0
DA:89,0
DA:90,0
DA:94,0
DA:95,0
DA:98,0
DA:99,0
DA:100,0
DA:101,0
DA:102,0
DA:104,0
DA:105,0
LF:35
LH:0
end_of_record
SF:lib/app/sl.dart
DA:5,27
DA:11,9
DA:15,9
DA:23,18
LF:4
LH:4
end_of_record
SF:lib/app/router.dart
DA:8,0
DA:11,0
DA:12,0
DA:13,0
DA:15,0
DA:16,0
DA:17,0
DA:20,0
DA:22,0
DA:24,0
DA:26,0
DA:28,0
DA:30,0
DA:32,0
DA:36,0
DA:38,0
DA:40,0
DA:42,0
DA:44,0
DA:46,0
DA:48,0
DA:50,0
DA:52,0
DA:54,0
DA:56,0
DA:58,0
LF:26
LH:0
end_of_record
SF:lib/features/character/ui/screens/character_detail_screen.dart
DA:16,0
DA:22,0
DA:23,0
DA:29,0
DA:31,0
DA:32,0
DA:35,0
DA:37,0
DA:38,0
DA:39,0
DA:40,0
DA:41,0
DA:43,0
DA:44,0
DA:45,0
DA:48,0
DA:50,0
DA:52,0
DA:53,0
DA:54,0
DA:55,0
DA:56,0
DA:58,0
DA:59,0
DA:60,0
DA:62,0
DA:63,0
DA:64,0
DA:71,0
DA:72,0
DA:73,0
DA:74,0
DA:75,0
DA:76,0
DA:77,0
DA:78,0
DA:79,0
DA:80,0
DA:81,0
DA:83,0
DA:84,0
DA:85,0
DA:86,0
DA:88,0
DA:89,0
DA:90,0
DA:91,0
DA:93,0
DA:95,0
DA:96,0
DA:97,0
DA:98,0
DA:100,0
DA:101,0
DA:102,0
DA:103,0
DA:105,0
DA:106,0
DA:107,0
DA:108,0
DA:110,0
DA:111,0
DA:112,0
DA:113,0
LF:64
LH:0
end_of_record
SF:lib/features/character/ui/screens/home_screen.dart
DA:13,16
DA:15,0
DA:16,0
DA:22,0
DA:23,0
DA:24,0
DA:25,0
DA:26,0
DA:33,0
DA:35,0
DA:36,0
DA:37,0
DA:40,0
DA:42,0
DA:43,0
DA:46,0
DA:48,0
DA:49,0
DA:50,0
DA:51,0
DA:52,0
DA:53,0
DA:62,0
DA:63,0
DA:64,0
DA:68,0
DA:70,0
DA:71,0
DA:72,0
DA:74,0
DA:75,0
DA:76,0
DA:77,0
DA:78,0
DA:79,0
DA:81,0
DA:82,0
DA:83,0
DA:85,0
DA:87,0
DA:88,0
DA:97,0
DA:98,0
DA:99,0
DA:100,0
DA:101,0
DA:102,0
DA:104,0
DA:105,0
DA:110,0
DA:111,0
DA:112,0
DA:113,0
DA:116,0
DA:117,0
DA:118,0
DA:119,0
LF:57
LH:1
end_of_record
SF:lib/features/character/ui/screens/search_character_screen.dart
DA:13,0
DA:18,0
DA:20,0
DA:21,0
DA:22,0
DA:23,0
DA:29,0
DA:31,0
DA:32,0
DA:34,0
DA:36,0
DA:37,0
DA:40,0
DA:44,0
DA:45,0
DA:46,0
DA:47,0
DA:48,0
DA:49,0
DA:50,0
DA:52,0
DA:54,0
DA:55,0
DA:60,0
DA:61,0
DA:62,0
DA:63,0
DA:66,0
DA:67,0
DA:68,0
LF:30
LH:0
end_of_record
SF:lib/features/episode/ui/screens/episode_detail_screen.dart
DA:16,0
DA:22,0
DA:23,0
DA:29,0
DA:31,0
DA:32,0
DA:35,0
DA:37,0
DA:38,0
DA:39,0
DA:40,0
DA:41,0
DA:43,0
DA:44,0
DA:48,0
DA:50,0
DA:52,0
DA:53,0
DA:54,0
DA:55,0
DA:56,0
DA:58,0
DA:59,0
DA:60,0
DA:62,0
DA:63,0
DA:64,0
DA:71,0
DA:72,0
DA:73,0
DA:74,0
DA:75,0
DA:76,0
DA:77,0
DA:78,0
DA:79,0
DA:80,0
DA:81,0
DA:83,0
DA:84,0
DA:85,0
DA:87,0
DA:88,0
DA:89,0
DA:91,0
DA:92,0
DA:93,0
DA:95,0
DA:96,0
DA:97,0
DA:99,0
DA:101,0
DA:102,0
DA:103,0
DA:104,0
DA:106,0
DA:107,0
DA:108,0
LF:58
LH:0
end_of_record
SF:lib/features/episode/ui/screens/episode_screen.dart
DA:13,16
DA:15,0
DA:16,0
DA:22,0
DA:23,0
DA:24,0
DA:25,0
DA:26,0
DA:33,0
DA:35,0
DA:36,0
DA:37,0
DA:40,0
DA:42,0
DA:43,0
DA:46,0
DA:48,0
DA:49,0
DA:50,0
DA:51,0
DA:52,0
DA:53,0
DA:60,0
DA:61,0
DA:62,0
DA:66,0
DA:68,0
DA:69,0
DA:70,0
DA:72,0
DA:73,0
DA:74,0
DA:75,0
DA:76,0
DA:77,0
DA:79,0
DA:80,0
DA:81,0
DA:83,0
DA:85,0
DA:86,0
DA:95,0
DA:96,0
DA:97,0
DA:98,0
DA:99,0
DA:100,0
DA:102,0
DA:103,0
DA:108,0
DA:109,0
DA:110,0
DA:111,0
DA:114,0
DA:115,0
DA:116,0
DA:117,0
LF:57
LH:1
end_of_record
SF:lib/features/episode/ui/screens/search_episode_screen.dart
DA:12,0
DA:17,0
DA:19,0
DA:20,0
DA:21,0
DA:22,0
DA:28,0
DA:30,0
DA:31,0
DA:33,0
DA:35,0
DA:36,0
DA:39,0
DA:43,0
DA:44,0
DA:45,0
DA:46,0
DA:47,0
DA:48,0
DA:49,0
DA:51,0
DA:53,0
DA:54,0
DA:59,0
DA:60,0
DA:61,0
DA:62,0
DA:65,0
DA:66,0
DA:67,0
LF:30
LH:0
end_of_record
SF:lib/features/location/ui/screens/location_detail_screen.dart
DA:16,0
DA:22,0
DA:23,0
DA:29,0
DA:31,0
DA:32,0
DA:35,0
DA:37,0
DA:38,0
DA:39,0
DA:40,0
DA:41,0
DA:43,0
DA:44,0
DA:48,0
DA:50,0
DA:52,0
DA:53,0
DA:54,0
DA:55,0
DA:56,0
DA:58,0
DA:59,0
DA:60,0
DA:62,0
DA:63,0
DA:64,0
DA:71,0
DA:72,0
DA:73,0
DA:74,0
DA:75,0
DA:76,0
DA:77,0
DA:78,0
DA:79,0
DA:80,0
DA:81,0
DA:83,0
DA:84,0
DA:85,0
DA:87,0
DA:88,0
DA:89,0
LF:44
LH:0
end_of_record
SF:lib/features/location/ui/screens/location_screen.dart
DA:13,16
DA:15,0
DA:16,0
DA:22,0
DA:23,0
DA:24,0
DA:25,0
DA:26,0
DA:33,0
DA:35,0
DA:36,0
DA:37,0
DA:40,0
DA:42,0
DA:43,0
DA:46,0
DA:48,0
DA:49,0
DA:50,0
DA:51,0
DA:52,0
DA:53,0
DA:62,0
DA:63,0
DA:64,0
DA:68,0
DA:70,0
DA:71,0
DA:72,0
DA:74,0
DA:75,0
DA:76,0
DA:77,0
DA:78,0
DA:79,0
DA:81,0
DA:82,0
DA:83,0
DA:85,0
DA:87,0
DA:88,0
DA:97,0
DA:98,0
DA:99,0
DA:100,0
DA:101,0
DA:102,0
DA:104,0
DA:105,0
DA:110,0
DA:111,0
DA:112,0
DA:113,0
DA:116,0
DA:117,0
DA:118,0
DA:119,0
LF:57
LH:1
end_of_record
SF:lib/features/location/ui/screens/search_location_screen.dart
DA:12,0
DA:17,0
DA:19,0
DA:20,0
DA:21,0
DA:22,0
DA:28,0
DA:30,0
DA:31,0
DA:33,0
DA:35,0
DA:36,0
DA:39,0
DA:43,0
DA:44,0
DA:45,0
DA:46,0
DA:47,0
DA:48,0
DA:49,0
DA:51,0
DA:53,0
DA:54,0
DA:59,0
DA:60,0
DA:61,0
DA:62,0
DA:65,0
DA:66,0
DA:67,0
LF:30
LH:0
end_of_record
SF:lib/features/navigation/ui/screens/dashboard_screen.dart
DA:10,16
DA:12,0
DA:14,0
DA:24,0
DA:28,0
DA:29,0
DA:30,0
DA:31,0
DA:32,0
DA:33,0
DA:35,0
DA:36,0
DA:37,0
DA:38,0
DA:39,0
DA:40,0
DA:44,0
DA:48,0
DA:52,0
LF:19
LH:1
end_of_record
SF:lib/features/settings/ui/screens/settings_screen.dart
DA:12,16
DA:14,0
DA:16,0
DA:17,0
DA:18,0
DA:20,0
DA:21,0
DA:22,0
DA:24,0
DA:25,0
DA:26,0
DA:27,0
DA:28,0
DA:29,0
DA:30,0
DA:31,0
DA:33,0
DA:34,0
DA:41,0
DA:42,0
DA:43,0
DA:44,0
DA:45,0
DA:46,0
DA:47,0
DA:48,0
DA:49,0
DA:50,0
DA:51,0
DA:52,0
DA:55,0
DA:56,0
DA:57,0
DA:58,0
DA:59,0
DA:63,0
DA:65,0
DA:66,0
DA:73,0
DA:74,0
DA:75,0
DA:77,0
DA:78,0
DA:79,0
DA:88,0
DA:89,0
DA:91,0
DA:92,0
DA:93,0
DA:94,0
DA:95,0
DA:98,0
DA:99,0
DA:102,0
DA:103,0
DA:104,0
DA:111,0
DA:112,0
DA:114,0
DA:115,0
DA:116,0
DA:117,0
DA:119,0
DA:122,0
DA:123,0
DA:126,0
DA:127,0
LF:67
LH:1
end_of_record
SF:lib/core/services/storage/isar_client.dart
DA:15,9
DA:17,9
DA:19,27
DA:20,9
DA:23,9
DA:26,18
DA:27,9
DA:28,9
DA:30,0
DA:31,0
DA:33,9
DA:34,9
DA:44,0
DA:45,0
DA:46,0
DA:47,0
DA:48,0
LF:17
LH:10
end_of_record
SF:lib/features/character/data/data_sources/character_local_data_source.dart
DA:30,2
DA:32,2
DA:36,8
DA:37,8
DA:38,8
DA:42,0
DA:43,0
DA:46,2
DA:49,2
DA:53,8
DA:54,8
DA:55,8
DA:57,2
DA:62,4
DA:69,2
DA:72,2
DA:74,8
DA:75,8
DA:77,8
DA:78,2
DA:85,2
DA:88,10
DA:90,2
DA:91,2
DA:97,2
DA:100,10
DA:104,2
DA:105,2
DA:106,4
DA:107,2
DA:109,2
DA:113,1
DA:115,3
DA:116,1
DA:117,1
DA:118,1
DA:119,1
DA:120,1
DA:124,1
DA:127,0
DA:131,0
DA:132,0
DA:135,0
DA:136,0
DA:140,0
DA:144,0
LF:46
LH:37
end_of_record
SF:lib/features/character/data/data_sources/character_remote_data_source.dart
DA:28,2
DA:30,2
DA:34,4
DA:35,4
DA:36,0
DA:39,2
DA:41,4
DA:43,0
DA:45,0
DA:49,2
DA:53,4
DA:55,2
DA:56,0
DA:57,0
DA:58,0
DA:59,0
DA:65,2
DA:69,4
DA:70,6
DA:71,0
DA:72,0
DA:73,0
DA:75,0
DA:78,0
DA:83,0
DA:85,0
DA:86,0
DA:88,0
DA:90,0
LF:29
LH:12
end_of_record
SF:lib/features/character/data/repositories/character_repository_impl.dart
DA:14,1
DA:16,0
DA:19,0
DA:21,0
DA:25,1
DA:28,2
DA:29,1
DA:30,0
DA:31,1
DA:32,1
DA:33,2
DA:34,1
DA:38,3
DA:42,1
DA:46,2
DA:47,1
DA:48,0
DA:49,1
DA:50,5
DA:51,2
DA:52,2
DA:53,2
DA:54,1
DA:55,1
DA:60,3
DA:64,0
DA:68,0
DA:70,0
DA:74,1
DA:78,2
DA:79,1
DA:80,0
DA:81,1
DA:82,4
DA:83,2
DA:84,1
DA:88,3
DA:92,1
DA:96,2
DA:97,1
DA:98,0
DA:99,1
DA:100,4
DA:101,2
DA:102,1
DA:106,3
DA:110,1
DA:114,2
DA:116,0
DA:120,1
DA:123,2
DA:125,0
DA:129,0
DA:133,0
DA:134,0
DA:135,0
DA:136,0
DA:137,0
DA:138,0
DA:139,0
DA:140,0
DA:146,0
LF:62
LH:40
end_of_record
SF:lib/features/character/domain/usecases/clear_characters_cache.dart
DA:10,0
DA:12,0
DA:13,0
LF:3
LH:0
end_of_record
SF:lib/features/character/domain/usecases/get_characters.dart
DA:11,1
DA:13,1
DA:15,2
LF:3
LH:3
end_of_record
SF:lib/features/character/domain/usecases/get_characters_by_id.dart
DA:11,1
DA:13,1
DA:17,2
LF:3
LH:3
end_of_record
SF:lib/features/character/domain/usecases/get_characters_by_pagination.dart
DA:12,0
DA:14,0
DA:18,0
LF:3
LH:0
end_of_record
SF:lib/features/character/domain/usecases/get_characters_from_cache.dart
DA:10,0
DA:12,0
DA:14,0
LF:3
LH:0
end_of_record
SF:lib/features/character/domain/usecases/get_filtered_characters.dart
DA:11,1
DA:13,1
DA:17,2
LF:3
LH:3
end_of_record
SF:lib/features/character/domain/usecases/get_multiple_characters.dart
DA:11,1
DA:13,1
DA:17,2
LF:3
LH:3
end_of_record
SF:lib/features/character/domain/usecases/toggle_favorite_character.dart
DA:11,0
DA:13,0
DA:17,0
LF:3
LH:0
end_of_record
SF:lib/features/character/ui/bloc/character_bloc.dart
DA:19,0
DA:25,0
DA:26,0
DA:27,0
DA:28,0
DA:29,0
DA:30,0
DA:31,0
DA:38,0
DA:42,0
DA:43,0
DA:44,0
DA:45,0
DA:46,0
DA:47,0
DA:48,0
DA:53,0
DA:57,0
DA:58,0
DA:59,0
DA:60,0
DA:61,0
DA:62,0
DA:67,0
DA:71,0
DA:72,0
DA:73,0
DA:74,0
DA:75,0
DA:76,0
DA:84,0
DA:88,0
DA:89,0
DA:90,0
DA:91,0
DA:92,0
DA:93,0
DA:94,0
DA:95,0
DA:96,0
DA:97,0
DA:99,0
DA:101,0
DA:106,0
DA:110,0
DA:111,0
DA:114,0
DA:118,0
DA:119,0
DA:120,0
DA:123,0
DA:125,0
DA:126,0
DA:127,0
DA:129,0
DA:132,0
DA:133,0
DA:134,0
DA:135,0
DA:136,0
DA:137,0
DA:138,0
DA:140,0
LF:63
LH:0
end_of_record
SF:lib/features/episode/data/data_sources/episode_local_data_source.dart
DA:30,2
DA:32,2
DA:36,8
DA:37,8
DA:38,8
DA:42,0
DA:43,0
DA:46,2
DA:49,2
DA:53,8
DA:54,8
DA:55,8
DA:57,2
DA:62,4
DA:69,2
DA:72,2
DA:74,8
DA:75,8
DA:77,8
DA:78,2
DA:84,2
DA:86,10
DA:88,2
DA:89,2
DA:95,2
DA:98,10
DA:102,2
DA:103,2
DA:104,4
DA:105,2
DA:107,2
DA:111,1
DA:113,3
DA:114,1
DA:115,1
DA:116,1
DA:117,1
DA:118,1
DA:121,1
DA:124,0
DA:128,0
DA:129,0
DA:132,0
DA:133,0
DA:137,0
DA:141,0
LF:46
LH:37
end_of_record
SF:lib/features/episode/data/data_sources/episode_remote_data_source.dart
DA:27,2
DA:29,2
DA:33,4
DA:34,4
DA:35,0
DA:38,2
DA:40,4
DA:42,0
DA:44,0
DA:48,2
DA:52,4
DA:54,2
DA:55,0
DA:56,0
DA:57,0
DA:58,0
DA:64,2
DA:68,4
DA:69,6
DA:70,0
DA:71,0
DA:72,0
DA:74,0
DA:77,0
DA:81,0
DA:83,0
DA:84,0
DA:86,0
DA:88,0
LF:29
LH:12
end_of_record
SF:lib/features/episode/data/repositories/episode_repository_impl.dart
DA:14,1
DA:16,0
DA:19,0
DA:21,0
DA:25,1
DA:28,2
DA:29,1
DA:30,0
DA:31,1
DA:32,1
DA:33,2
DA:34,1
DA:38,3
DA:42,1
DA:45,2
DA:46,1
DA:47,0
DA:48,1
DA:49,5
DA:50,2
DA:51,2
DA:52,2
DA:53,1
DA:54,1
DA:59,3
DA:63,0
DA:66,0
DA:68,0
DA:72,1
DA:76,2
DA:77,1
DA:78,0
DA:79,1
DA:80,4
DA:81,2
DA:82,1
DA:86,3
DA:90,1
DA:94,2
DA:95,1
DA:96,0
DA:97,1
DA:98,4
DA:99,2
DA:100,1
DA:104,3
DA:108,1
DA:112,2
DA:114,0
DA:118,1
DA:121,2
DA:123,0
DA:127,0
DA:131,0
DA:132,0
DA:133,0
DA:134,0
DA:135,0
DA:136,0
DA:137,0
DA:138,0
DA:144,0
LF:62
LH:40
end_of_record
SF:lib/features/episode/domain/usecases/clear_episodes_cache.dart
DA:10,0
DA:12,0
DA:13,0
LF:3
LH:0
end_of_record
SF:lib/features/episode/domain/usecases/get_episodes.dart
DA:11,0
DA:13,0
DA:15,0
LF:3
LH:0
end_of_record
SF:lib/features/episode/domain/usecases/get_episodes_by_id.dart
DA:11,0
DA:13,0
DA:17,0
LF:3
LH:0
end_of_record
SF:lib/features/episode/domain/usecases/get_episodes_by_pagination.dart
DA:12,0
DA:14,0
DA:18,0
LF:3
LH:0
end_of_record
SF:lib/features/episode/domain/usecases/get_episodes_from_cache.dart
DA:10,0
DA:12,0
DA:14,0
LF:3
LH:0
end_of_record
SF:lib/features/episode/domain/usecases/get_filtered_episodes.dart
DA:11,0
DA:13,0
DA:17,0
LF:3
LH:0
end_of_record
SF:lib/features/episode/domain/usecases/get_multiple_episodes.dart
DA:11,0
DA:13,0
DA:17,0
LF:3
LH:0
end_of_record
SF:lib/features/episode/domain/usecases/toggle_favorite_episode.dart
DA:11,0
DA:13,0
DA:17,0
LF:3
LH:0
end_of_record
SF:lib/features/episode/ui/bloc/episode_bloc.dart
DA:19,0
DA:25,0
DA:26,0
DA:27,0
DA:28,0
DA:29,0
DA:30,0
DA:31,0
DA:38,0
DA:42,0
DA:43,0
DA:44,0
DA:45,0
DA:46,0
DA:47,0
DA:48,0
DA:53,0
DA:57,0
DA:58,0
DA:59,0
DA:60,0
DA:61,0
DA:62,0
DA:67,0
DA:71,0
DA:72,0
DA:73,0
DA:74,0
DA:75,0
DA:76,0
DA:84,0
DA:88,0
DA:89,0
DA:90,0
DA:91,0
DA:92,0
DA:93,0
DA:94,0
DA:95,0
DA:96,0
DA:97,0
DA:99,0
DA:101,0
DA:106,0
DA:110,0
DA:111,0
DA:114,0
DA:118,0
DA:119,0
DA:120,0
DA:123,0
DA:125,0
DA:126,0
DA:127,0
DA:129,0
DA:132,0
DA:133,0
DA:134,0
DA:135,0
DA:136,0
DA:137,0
DA:138,0
DA:140,0
LF:63
LH:0
end_of_record
SF:lib/features/location/data/data_sources/location_local_data_source.dart
DA:30,2
DA:32,2
DA:36,8
DA:37,8
DA:38,8
DA:42,0
DA:43,0
DA:46,2
DA:49,2
DA:53,8
DA:54,8
DA:55,8
DA:57,2
DA:62,4
DA:69,2
DA:72,2
DA:74,8
DA:75,8
DA:77,8
DA:78,2
DA:85,2
DA:87,10
DA:89,2
DA:90,2
DA:96,2
DA:99,10
DA:103,2
DA:104,2
DA:105,4
DA:106,2
DA:108,2
DA:112,1
DA:114,3
DA:115,1
DA:116,1
DA:117,1
DA:118,1
DA:119,1
DA:123,1
DA:126,0
DA:130,0
DA:131,0
DA:134,0
DA:135,0
DA:139,0
DA:143,0
LF:46
LH:37
end_of_record
SF:lib/features/location/data/data_sources/location_remote_data_source.dart
DA:28,2
DA:30,2
DA:34,4
DA:35,4
DA:36,0
DA:39,2
DA:41,4
DA:43,0
DA:45,0
DA:49,2
DA:53,4
DA:55,2
DA:56,0
DA:57,0
DA:58,0
DA:59,0
DA:65,2
DA:69,4
DA:70,6
DA:71,0
DA:72,0
DA:73,0
DA:75,0
DA:78,0
DA:83,0
DA:85,0
DA:86,0
DA:88,0
DA:90,0
LF:29
LH:12
end_of_record
SF:lib/features/location/data/repositories/location_repository_impl.dart
DA:14,1
DA:16,0
DA:19,0
DA:21,0
DA:25,1
DA:28,2
DA:29,1
DA:30,0
DA:31,1
DA:32,1
DA:33,2
DA:34,1
DA:38,3
DA:42,1
DA:46,2
DA:47,1
DA:48,0
DA:49,1
DA:50,5
DA:51,2
DA:52,2
DA:53,2
DA:54,1
DA:55,1
DA:60,3
DA:64,0
DA:68,0
DA:70,0
DA:74,1
DA:78,2
DA:79,1
DA:80,0
DA:81,1
DA:82,4
DA:83,2
DA:84,1
DA:88,3
DA:92,1
DA:96,2
DA:97,1
DA:98,0
DA:99,1
DA:100,4
DA:101,2
DA:102,1
DA:106,3
DA:110,1
DA:114,2
DA:116,0
DA:120,1
DA:123,2
DA:125,0
DA:129,0
DA:133,0
DA:134,0
DA:135,0
DA:136,0
DA:137,0
DA:138,0
DA:139,0
DA:140,0
DA:146,0
LF:62
LH:40
end_of_record
SF:lib/features/location/domain/usecases/clear_locations_cache.dart
DA:10,0
DA:12,0
DA:13,0
LF:3
LH:0
end_of_record
SF:lib/features/location/domain/usecases/get_filtered_locations.dart
DA:11,0
DA:13,0
DA:17,0
LF:3
LH:0
end_of_record
SF:lib/features/location/domain/usecases/get_locations.dart
DA:11,0
DA:13,0
DA:15,0
LF:3
LH:0
end_of_record
SF:lib/features/location/domain/usecases/get_locations_by_id.dart
DA:11,0
DA:13,0
DA:17,0
LF:3
LH:0
end_of_record
SF:lib/features/location/domain/usecases/get_locations_by_pagination.dart
DA:12,0
DA:14,0
DA:18,0
LF:3
LH:0
end_of_record
SF:lib/features/location/domain/usecases/get_locations_from_cache.dart
DA:10,0
DA:12,0
DA:14,0
LF:3
LH:0
end_of_record
SF:lib/features/location/domain/usecases/get_multiple_locations.dart
DA:11,0
DA:13,0
DA:17,0
LF:3
LH:0
end_of_record
SF:lib/features/location/domain/usecases/toggle_favorite_location.dart
DA:11,0
DA:13,0
DA:17,0
LF:3
LH:0
end_of_record
SF:lib/features/location/ui/bloc/location_bloc.dart
DA:19,0
DA:25,0
DA:26,0
DA:27,0
DA:28,0
DA:29,0
DA:30,0
DA:31,0
DA:38,0
DA:42,0
DA:43,0
DA:44,0
DA:45,0
DA:46,0
DA:47,0
DA:48,0
DA:53,0
DA:57,0
DA:58,0
DA:59,0
DA:60,0
DA:61,0
DA:62,0
DA:67,0
DA:71,0
DA:72,0
DA:73,0
DA:74,0
DA:75,0
DA:76,0
DA:84,0
DA:88,0
DA:89,0
DA:90,0
DA:91,0
DA:92,0
DA:93,0
DA:94,0
DA:95,0
DA:96,0
DA:97,0
DA:99,0
DA:101,0
DA:106,0
DA:110,0
DA:111,0
DA:114,0
DA:118,0
DA:119,0
DA:120,0
DA:123,0
DA:125,0
DA:126,0
DA:127,0
DA:129,0
DA:132,0
DA:133,0
DA:134,0
DA:135,0
DA:136,0
DA:137,0
DA:138,0
DA:140,0
LF:63
LH:0
end_of_record
SF:lib/features/settings/data/data_sources/settings_local_data_source.dart
DA:19,0
DA:21,0
DA:24,0
DA:25,0
DA:28,0
DA:34,0
DA:37,0
DA:38,0
DA:39,0
DA:40,0
DA:45,0
DA:46,0
DA:47,0
DA:49,0
DA:50,0
DA:54,0
DA:60,0
DA:63,0
DA:64,0
DA:67,0
DA:73,0
DA:76,0
DA:77,0
DA:78,0
DA:79,0
DA:80,0
DA:81,0
DA:85,0
DA:86,0
DA:87,0
DA:88,0
DA:89,0
DA:90,0
DA:94,0
LF:34
LH:0
end_of_record
SF:lib/features/settings/data/repositories/settings_repository.dart
DA:11,0
DA:13,0
DA:15,0
DA:18,0
DA:20,0
DA:23,0
DA:25,0
DA:28,0
DA:30,0
LF:9
LH:0
end_of_record
SF:lib/features/settings/domain/usecases/get_locale.dart
DA:12,0
DA:14,0
DA:16,0
LF:3
LH:0
end_of_record
SF:lib/features/settings/domain/usecases/get_theme_mode.dart
DA:11,0
DA:13,0
DA:15,0
LF:3
LH:0
end_of_record
SF:lib/features/settings/domain/usecases/set_locale.dart
DA:12,0
DA:14,0
DA:16,0
LF:3
LH:0
end_of_record
SF:lib/features/settings/domain/usecases/set_theme_mode.dart
DA:11,0
DA:13,0
DA:15,0
LF:3
LH:0
end_of_record
SF:lib/features/settings/ui/bloc/settings_bloc.dart
DA:18,0
DA:23,0
DA:24,0
DA:25,0
DA:26,0
DA:29,0
DA:33,0
DA:34,0
DA:37,0
DA:41,0
DA:42,0
DA:45,0
DA:49,0
DA:50,0
DA:51,0
DA:52,0
DA:53,0
LF:17
LH:0
end_of_record
SF:lib/core/l10n/l10n.dart
DA:4,0
DA:6,0
DA:11,0
DA:13,0
DA:15,0
DA:22,0
DA:24,0
DA:26,0
DA:33,0
DA:34,0
LF:10
LH:0
end_of_record
SF:lib/core/errors/failure.dart
DA:4,90
DA:11,26
DA:14,3
DA:19,0
DA:21,0
DA:26,64
DA:28,0
DA:32,0
DA:34,0
LF:9
LH:4
end_of_record
SF:lib/core/gen/strings.dart
DA:65,0
DA:69,0
DA:70,0
DA:346,16
DA:348,0
DA:350,0
DA:353,0
DA:354,0
DA:356,0
DA:360,0
DA:364,0
DA:365,0
DA:366,0
DA:369,0
LF:14
LH:1
end_of_record
SF:lib/core/gen/strings_en.dart
DA:7,0
DA:9,0
DA:12,0
DA:15,0
DA:18,0
DA:21,0
DA:24,0
DA:27,0
DA:30,0
DA:33,0
DA:36,0
DA:39,0
DA:42,0
DA:45,0
DA:48,0
DA:51,0
DA:54,0
DA:57,0
DA:60,0
DA:63,0
DA:66,0
DA:69,0
DA:72,0
DA:75,0
DA:78,0
DA:81,0
DA:84,0
DA:87,0
DA:90,0
DA:93,0
DA:96,0
DA:99,0
DA:102,0
DA:105,0
DA:108,0
DA:111,0
DA:114,0
DA:117,0
DA:120,0
DA:123,0
DA:126,0
DA:129,0
LF:42
LH:0
end_of_record
SF:lib/core/gen/strings_id.dart
DA:7,0
DA:9,0
DA:12,0
DA:15,0
DA:18,0
DA:21,0
DA:24,0
DA:27,0
DA:30,0
DA:33,0
DA:36,0
DA:39,0
DA:42,0
DA:45,0
DA:48,0
DA:51,0
DA:54,0
DA:57,0
DA:60,0
DA:63,0
DA:66,0
DA:69,0
DA:72,0
DA:75,0
DA:78,0
DA:81,0
DA:84,0
DA:87,0
DA:90,0
DA:93,0
DA:96,0
DA:99,0
DA:102,0
DA:105,0
DA:108,0
DA:111,0
DA:114,0
DA:117,0
DA:120,0
DA:123,0
DA:126,0
DA:129,0
LF:42
LH:0
end_of_record
SF:lib/core/resources/theme.dart
DA:6,0
DA:7,0
DA:9,0
DA:10,0
DA:12,0
DA:15,0
DA:19,0
DA:20,0
DA:21,0
DA:22,0
DA:25,0
DA:28,0
DA:29,0
DA:35,0
DA:36,0
DA:37,0
DA:38,0
DA:41,0
DA:44,0
DA:45,0
LF:20
LH:0
end_of_record
SF:lib/core/services/http/dio_interceptor.dart
DA:8,0
DA:11,0
DA:14,0
DA:15,0
DA:16,0
DA:22,0
DA:23,0
DA:25,0
DA:32,0
DA:33,0
DA:36,0
DA:39,0
DA:41,0
DA:42,0
DA:43,0
DA:45,0
DA:48,0
DA:51,0
DA:54,0
DA:55,0
DA:57,0
DA:63,0
LF:22
LH:0
end_of_record
SF:lib/core/widgets/boxs/box_wrapper.dart
DA:11,0
DA:21,0
DA:23,0
DA:24,0
DA:25,0
DA:26,0
DA:27,0
DA:28,0
DA:29,0
DA:30,0
DA:32,0
LF:11
LH:0
end_of_record
SF:lib/core/widgets/boxs/list_tile_box_wrapper.dart
DA:13,0
DA:23,0
DA:25,0
DA:26,0
DA:27,0
DA:28,0
DA:29,0
DA:30,0
DA:31,0
DA:32,0
DA:33,0
DA:34,0
DA:35,0
DA:40,0
DA:42,0
DA:43,0
DA:44,0
DA:45,0
DA:49,0
DA:56,0
DA:57,0
DA:62,0
LF:22
LH:0
end_of_record
SF:lib/core/widgets/lists/list_wrapper.dart
DA:10,0
DA:18,0
DA:20,0
DA:21,0
DA:22,0
DA:25,0
DA:28,0
DA:29,0
DA:32,0
DA:33,0
DA:34,0
LF:11
LH:0
end_of_record
SF:lib/core/widgets/parent.dart
DA:17,0
DA:32,0
DA:33,0
DA:37,0
DA:39,0
DA:40,0
DA:41,0
DA:42,0
DA:43,0
DA:47,0
DA:49,0
DA:50,0
DA:51,0
DA:52,0
DA:53,0
DA:54,0
DA:55,0
DA:56,0
DA:58,0
DA:59,0
DA:60,0
DA:61,0
DA:62,0
LF:23
LH:0
end_of_record
SF:lib/core/widgets/search_app_bar.dart
DA:10,0
DA:16,0
DA:17,0
DA:18,0
DA:19,0
DA:25,0
DA:27,0
DA:28,0
DA:31,0
DA:33,0
DA:34,0
DA:37,0
DA:39,0
DA:40,0
DA:41,0
DA:42,0
DA:44,0
DA:45,0
DA:47,0
DA:49,0
DA:50,0
DA:51,0
DA:52,0
DA:53,0
DA:57,0
DA:58,0
DA:59,0
DA:60,0
DA:61,0
LF:29
LH:0
end_of_record
SF:lib/core/widgets/texts/body_large.dart
DA:10,0
DA:18,0
DA:20,0
DA:21,0
DA:22,0
DA:23,0
DA:24,0
DA:25,0
LF:8
LH:0
end_of_record
SF:lib/core/widgets/texts/body_medium.dart
DA:10,0
DA:18,0
DA:20,0
DA:21,0
DA:22,0
DA:23,0
DA:24,0
DA:25,0
LF:8
LH:0
end_of_record
SF:lib/core/widgets/texts/body_small.dart
DA:10,0
DA:18,0
DA:20,0
DA:21,0
DA:22,0
DA:23,0
DA:24,0
DA:25,0
LF:8
LH:0
end_of_record
SF:lib/core/widgets/texts/title_large.dart
DA:10,16
DA:18,0
DA:20,0
DA:21,0
DA:22,0
DA:23,0
DA:24,0
DA:25,0
LF:8
LH:1
end_of_record
SF:lib/core/widgets/texts/title_medium.dart
DA:10,0
DA:18,0
DA:20,0
DA:21,0
DA:22,0
DA:23,0
DA:24,0
DA:25,0
LF:8
LH:0
end_of_record
SF:lib/core/widgets/texts/title_small.dart
DA:10,0
DA:18,0
DA:20,0
DA:21,0
DA:22,0
DA:23,0
DA:24,0
DA:25,0
LF:8
LH:0
end_of_record
SF:lib/features/character/data/models/character_model.dart
DA:30,7
DA:32,7
DA:33,7
DA:35,4
DA:36,2
DA:37,2
DA:38,2
DA:39,2
DA:40,2
DA:41,2
DA:42,4
DA:43,4
DA:44,2
DA:45,2
DA:46,2
DA:47,2
DA:48,2
DA:51,4
DA:52,2
DA:53,2
DA:54,2
DA:55,2
DA:56,2
DA:57,2
DA:58,4
DA:59,4
DA:60,2
DA:61,2
DA:62,2
DA:63,2
DA:64,2
DA:67,0
DA:68,0
DA:69,0
DA:70,0
DA:72,0
DA:73,0
DA:75,0
DA:76,0
DA:79,0
DA:80,0
DA:84,0
DA:86,0
DA:99,8
DA:101,7
DA:102,7
DA:104,2
DA:105,2
DA:106,2
DA:107,2
DA:110,4
DA:111,2
DA:112,2
DA:124,8
DA:126,7
DA:127,7
DA:129,2
DA:130,2
DA:131,2
DA:132,2
DA:135,4
DA:136,2
DA:137,2
LF:63
LH:51
end_of_record
SF:lib/features/character/data/models/character_model.g.dart
DA:9,7
DA:10,7
DA:11,14
DA:12,7
DA:13,14
DA:14,7
DA:15,7
DA:16,14
DA:18,14
DA:19,7
DA:20,7
DA:21,7
DA:23,28
DA:24,7
DA:25,7
DA:27,14
DA:30,1
DA:32,1
DA:33,1
DA:34,1
DA:35,2
DA:36,1
DA:37,1
DA:38,2
DA:39,2
DA:40,2
DA:41,1
DA:42,1
DA:43,1
DA:44,2
DA:60,7
DA:62,7
DA:63,7
DA:64,7
DA:67,1
DA:69,1
DA:70,1
DA:71,1
DA:74,7
DA:76,7
DA:77,7
DA:78,7
DA:81,1
DA:83,1
DA:84,1
DA:85,1
LF:46
LH:46
end_of_record
SF:lib/features/character/domain/entities/character_entity.dart
DA:14,4
DA:26,0
DA:51,7
DA:75,56
DA:88,56
LF:5
LH:4
end_of_record
SF:lib/utils/params/by_ids_param.dart
DA:11,7
DA:13,0
LF:2
LH:1
end_of_record
SF:lib/features/character/domain/params/get_characters_by_filter_params.dart
DA:17,3
DA:19,4
DA:20,2
DA:21,3
DA:22,2
DA:23,2
DA:24,2
DA:25,2
LF:8
LH:8
end_of_record
SF:lib/utils/helpers/pagination.dart
DA:15,6
DA:16,6
DA:26,6
DA:30,6
LF:4
LH:4
end_of_record
SF:lib/utils/helpers/pagination.g.dart
DA:9,6
DA:10,6
DA:11,12
DA:12,12
DA:13,6
DA:14,6
DA:17,0
DA:18,0
DA:19,0
DA:20,0
DA:21,0
DA:22,0
DA:25,6
DA:29,6
DA:30,12
DA:31,18
DA:34,0
DA:38,0
DA:39,0
DA:40,0
LF:20
LH:10
end_of_record
SF:lib/features/character/ui/widgets/list_character.dart
DA:15,0
DA:23,0
DA:25,0
DA:26,0
DA:27,0
DA:28,0
DA:29,0
DA:30,0
DA:31,0
DA:32,0
DA:33,0
DA:34,0
DA:35,0
DA:36,0
DA:38,0
DA:39,0
DA:40,0
LF:17
LH:0
end_of_record
SF:lib/features/episode/data/models/episode_model.dart
DA:22,4
DA:24,4
DA:25,4
DA:27,4
DA:28,2
DA:29,2
DA:30,2
DA:31,2
DA:32,2
DA:33,2
DA:34,2
DA:35,2
DA:38,4
DA:39,2
DA:40,2
DA:41,2
DA:42,2
DA:43,2
DA:44,2
DA:45,2
DA:46,2
DA:49,0
DA:50,0
DA:55,0
DA:57,0
LF:25
LH:21
end_of_record
SF:lib/features/episode/data/models/episode_model.g.dart
DA:9,4
DA:10,4
DA:11,8
DA:12,4
DA:13,4
DA:14,4
DA:15,4
DA:16,8
DA:17,4
DA:18,4
DA:19,4
DA:21,8
DA:24,1
DA:25,1
DA:26,1
DA:27,1
DA:28,1
DA:29,1
DA:30,1
DA:31,1
DA:32,2
LF:21
LH:21
end_of_record
SF:lib/features/episode/domain/entities/episode_entity.dart
DA:16,4
LF:1
LH:1
end_of_record
SF:lib/features/episode/domain/params/get_episodes_by_filter_params.dart
DA:13,2
DA:15,4
DA:16,2
DA:17,2
DA:18,2
LF:5
LH:5
end_of_record
SF:lib/features/episode/ui/widgets/list_episode.dart
DA:14,0
DA:22,0
DA:24,0
DA:25,0
DA:26,0
DA:27,0
DA:28,0
DA:29,0
DA:30,0
DA:31,0
DA:32,0
DA:33,0
DA:34,0
DA:36,0
DA:37,0
DA:38,0
LF:16
LH:0
end_of_record
SF:lib/features/location/data/models/location_model.dart
DA:22,4
DA:24,4
DA:25,4
DA:27,4
DA:28,2
DA:29,2
DA:30,2
DA:31,2
DA:32,2
DA:33,2
DA:34,2
DA:35,2
DA:38,4
DA:39,2
DA:40,2
DA:41,2
DA:42,2
DA:43,2
DA:44,2
DA:45,2
DA:46,2
DA:49,0
DA:50,0
DA:55,0
DA:57,0
LF:25
LH:21
end_of_record
SF:lib/features/location/data/models/location_model.g.dart
DA:9,4
DA:10,4
DA:11,8
DA:12,4
DA:13,4
DA:14,4
DA:16,16
DA:17,4
DA:18,4
DA:20,8
DA:23,1
DA:24,1
DA:25,1
DA:26,1
DA:27,1
DA:28,1
DA:29,1
DA:30,1
DA:31,2
LF:19
LH:19
end_of_record
SF:lib/features/location/domain/entities/location_entity.dart
DA:16,4
LF:1
LH:1
end_of_record
SF:lib/features/location/domain/params/get_locations_by_filter_params.dart
DA:14,2
DA:16,4
DA:17,2
DA:18,2
DA:19,2
DA:20,2
LF:6
LH:6
end_of_record
SF:lib/features/location/ui/widgets/list_location.dart
DA:14,0
DA:22,0
DA:24,0
DA:25,0
DA:26,0
DA:27,0
DA:28,0
DA:29,0
DA:30,0
DA:31,0
DA:32,0
DA:33,0
DA:34,0
DA:36,0
DA:37,0
DA:38,0
LF:16
LH:0
end_of_record
SF:lib/features/settings/data/models/settings_model.dart
DA:16,0
DA:18,0
DA:19,0
DA:20,0
DA:21,0
DA:22,0
DA:23,0
DA:27,0
DA:28,0
DA:29,0
DA:30,0
DA:31,0
DA:32,0
LF:13
LH:0
end_of_record
SF:lib/features/settings/domain/entities/settings_entity.dart
DA:13,0
LF:1
LH:0
end_of_record
SF:lib/utils/extensions/context_extensions.dart
DA:9,0
DA:11,0
DA:13,0
DA:15,0
DA:16,0
DA:18,0
DA:22,0
DA:26,0
DA:27,0
DA:28,0
DA:29,0
DA:33,0
DA:34,0
DA:35,0
DA:40,0
DA:41,0
DA:44,0
DA:48,0
DA:49,0
DA:50,0
DA:51,0
DA:55,0
DA:56,0
DA:57,0
DA:62,0
DA:63,0
DA:66,0
DA:70,0
DA:71,0
DA:72,0
DA:73,0
DA:77,0
DA:78,0
DA:79,0
DA:84,0
DA:85,0
DA:88,0
DA:92,0
DA:93,0
DA:94,0
LF:40
LH:0
end_of_record
SF:lib/utils/extensions/map_extensions.dart
DA:2,6
DA:3,12
LF:2
LH:2
end_of_record
SF:lib/utils/extensions/string_extensions.dart
DA:2,0
DA:3,0
LF:2
LH:0
end_of_record
SF:lib/utils/helpers/http_callback.dart
DA:8,0
LF:1
LH:0
end_of_record
SF:lib/utils/parsers/json_parser.dart
DA:10,0
DA:12,0
DA:13,0
DA:14,0
DA:16,0
DA:20,0
DA:21,0
DA:22,0
LF:8
LH:0
end_of_record
SF:lib/features/character/ui/bloc/character_event.dart
LF:0
LH:0
end_of_record
SF:lib/features/character/ui/bloc/character_state.dart
LF:0
LH:0
end_of_record
SF:lib/features/episode/ui/bloc/episode_state.dart
LF:0
LH:0
end_of_record
SF:lib/features/episode/ui/bloc/episode_event.dart
LF:0
LH:0
end_of_record
SF:lib/features/location/ui/bloc/location_event.dart
LF:0
LH:0
end_of_record
SF:lib/features/location/ui/bloc/location_state.dart
LF:0
LH:0
end_of_record
SF:lib/features/settings/ui/bloc/settings_event.dart
LF:0
LH:0
end_of_record
SF:lib/features/settings/ui/bloc/settings_state.dart
LF:0
LH:0
end_of_record
